
alf - Relational algebra at your fingertips

SYNOPSIS

    alf [--version] [--help]
    alf -e '(lispy command)'
    alf [FILE.alf]
    alf [alf opts] OPERATOR [operator opts] ARGS ...
    alf help OPERATOR

OPTIONS

    -e, --execute                    Execute one line of script (Lispy API)
    --rash                       Render output as ruby hashes
    --text                       Render output as a text table
    --yaml                       Render output as a yaml output
    --csv                        Render output as a csv file
    --examples                   Use the example database for database
    --db=DB                      Set the database to use
    --input-reader=READER        Specify the kind of reader when reading on $stdin (rash,alf,csv,logs)
    -Idirectory                      Specify $LOAD_PATH directory (may be used more than once)
    -rlibrary                        Require the library, before executing alf
    --[no-]pretty                Enable/disable pretty print best effort
    -h, --help                       Show help
    -v, --version                    Show version

RELATIONAL OPERATORS

    extend           Relational extension (additional, computed attributes)
    project          Relational projection (clip + compact)
    restrict         Relational restriction (aka where, predicate filtering)
    rename           Relational renaming (rename some attributes)
    union            Relational union
    minus            Relational minus (aka difference)
    intersect        Relational intersection (aka a logical and)
    join             Relational join (and cartesian product)
    matching         Relational matching (join + project back on left)
    not-matching     Relational not matching (inverse of matching)
    wrap             Relational wrapping (tuple-valued attributes)
    unwrap           Relational un-wrapping (inverse of wrap)
    group            Relational grouping (relation-valued attributes)
    ungroup          Relational un-grouping (inverse of group)
    summarize        Relational summarization (group-by + aggregate ops)
    rank             Relational ranking (explicit tuple positions)

EXPERIMENTAL RELATIONAL OPERATORS

    quota       Generalized quota-queries (position, sum progression, etc.)
    heading     Relational heading (print the relation type)

NON-RELATIONAL OPERATORS

    autonum       Extend its operand with an unique autonumber attribute
    defaults      Force default values on missing/nil attributes
    compact       Remove tuple duplicates
    sort          Sort input tuples according to an order relation
    clip          Clip input tuples to a subset of attributes
    coerce        Force attribute coercion according to a heading
    generator     Generate a relation with an auto-numbered attribute

OTHER NON-RELATIONAL COMMANDS

    exec     Executes an .alf file on current database
    help     Show help about a specific command
    show     Output input tuples through a specific renderer (text, yaml, ...)

See 'alf help COMMAND' for details about a specific command.

SystemExit
